<?xml version="1.0" encoding="UTF-8"?>
<!-- Generated by org.testng.reporters.JUnitReportReporter -->
<testsuite hostname="LAPTOP-BB1643J4" failures="0" tests="1" name="locator_Xpath.Datadrivetesting" time="1.244" errors="0" timestamp="2025-06-09T22:17:01 IST" skipped="0">
  <testcase classname="locator_Xpath.Datadrivetesting" name="excelFIle" time="1.244"/>
</testsuite> <!-- locator_Xpath.Datadrivetesting -->
